2025-05-22 23:54:44,005 - Evframe - INFO - 已经替换SKILL_SKILLA的MAIN阶段处理器
2025-05-22 23:54:44,006 - Evframe - INFO - 已经注册SKILL_SKILLA的MAIN阶段处理器
2025-05-22 23:54:44,006 - Evframe - INFO - 成功注册<__main__.TestSystem.test_complex_skills_interaction.<locals>.SkillA object at 0x000001FFB6EA2030>,UUID:91dfdeef-6aa2-4cdd-8d84-4dfba5d018b2
2025-05-22 23:54:44,006 - Evframe - INFO - 已经替换SKILL_SKILLB的MAIN阶段处理器
2025-05-22 23:54:44,006 - Evframe - INFO - 已经注册SKILL_SKILLB的MAIN阶段处理器
2025-05-22 23:54:44,006 - Evframe - INFO - 成功注册<__main__.TestSystem.test_complex_skills_interaction.<locals>.SkillB object at 0x000001FFB6EA1FD0>,UUID:dd2977c8-5311-42d3-ade9-5aefd2d54942
2025-05-22 23:54:44,006 - Evframe - INFO - 已经替换SKILL_SKILLC的MAIN阶段处理器
2025-05-22 23:54:44,008 - Evframe - INFO - 已经注册SKILL_SKILLC的MAIN阶段处理器
2025-05-22 23:54:44,008 - Evframe - INFO - 成功注册<__main__.TestSystem.test_complex_skills_interaction.<locals>.SkillC object at 0x000001FFB6EA20C0>,UUID:c75bee6a-da18-49b9-80fd-00b22b4137d2
2025-05-22 23:54:44,008 - Evframe - INFO - 接收到ATTACK消息
2025-05-22 23:54:44,008 - Evframe - INFO - >全量< 广播消息[ATTACK|MessagePhase.PRE]
2025-05-22 23:54:44,008 - Evframe - INFO - [广播] <__main__.TestSystem.test_complex_skills_interaction.<locals>.SkillA object at 0x000001FFB6EA2030> 无法处理消息或不响应此消息
2025-05-22 23:54:44,008 - Evframe - INFO - [广播] <__main__.TestSystem.test_complex_skills_interaction.<locals>.SkillB object at 0x000001FFB6EA1FD0> 无法处理消息或不响应此消息
2025-05-22 23:54:44,008 - Evframe - INFO - [广播] <__main__.TestSystem.test_complex_skills_interaction.<locals>.SkillC object at 0x000001FFB6EA20C0> 无法处理消息或不响应此消息
2025-05-22 23:54:44,008 - Evframe - INFO - 消息[ATTACK|MessagePhase.PRE]的modifiers有:None
2025-05-22 23:54:44,008 - Evframe - INFO - 正在加工消息[ATTACK|MessagePhase.PRE]
2025-05-22 23:54:44,008 - Evframe - INFO - 处理 ATTACK 类型 MessagePhase.PRE阶段 消息
2025-05-22 23:54:44,008 - Evframe - INFO - >全量< 广播消息[ATTACK|MessagePhase.MAIN]
2025-05-22 23:54:44,008 - Evframe - INFO - [广播] <__main__.TestSystem.test_complex_skills_interaction.<locals>.SkillA object at 0x000001FFB6EA2030> 无法处理消息或不响应此消息
2025-05-22 23:54:44,008 - Evframe - INFO - [广播] <__main__.TestSystem.test_complex_skills_interaction.<locals>.SkillB object at 0x000001FFB6EA1FD0> 无法处理消息或不响应此消息
2025-05-22 23:54:44,008 - Evframe - INFO - [广播] <__main__.TestSystem.test_complex_skills_interaction.<locals>.SkillC object at 0x000001FFB6EA20C0> 无法处理消息或不响应此消息
2025-05-22 23:54:44,008 - Evframe - INFO - 消息[ATTACK|MessagePhase.MAIN]的modifiers有:None
2025-05-22 23:54:44,008 - Evframe - INFO - 正在加工消息[ATTACK|MessagePhase.MAIN]
2025-05-22 23:54:44,008 - Evframe - INFO - 处理 ATTACK 类型 MessagePhase.MAIN阶段 消息
2025-05-22 23:54:44,008 - Evframe - INFO - 接收到DAMAGE消息
2025-05-22 23:54:44,008 - Evframe - INFO - >全量< 广播消息[DAMAGE|MessagePhase.PRE]
2025-05-22 23:54:44,008 - Evframe - INFO - [广播] <__main__.TestSystem.test_complex_skills_interaction.<locals>.SkillA object at 0x000001FFB6EA2030> 已处理消息
2025-05-22 23:54:44,008 - Evframe - INFO - 注册自定义modifier: SkillB_custom_modifier
2025-05-22 23:54:44,008 - Evframe - INFO - [广播] <__main__.TestSystem.test_complex_skills_interaction.<locals>.SkillB object at 0x000001FFB6EA1FD0> 已处理消息
2025-05-22 23:54:44,008 - Evframe - INFO - [广播] <__main__.TestSystem.test_complex_skills_interaction.<locals>.SkillC object at 0x000001FFB6EA20C0> 无法处理消息或不响应此消息
2025-05-22 23:54:44,009 - Evframe - INFO - 消息[DAMAGE|MessagePhase.PRE]的modifiers有:[(<ModifierType.SET_VALUE: 1>, <function TestSystem.test_complex_skills_interaction.<locals>.SkillA.effect.<locals>.<lambda> at 0x000001FFB6F0ED40>), ('SkillB_custom_modifier', 0)]
2025-05-22 23:54:44,009 - Evframe - INFO - 正在加工消息[DAMAGE|MessagePhase.PRE]
2025-05-22 23:54:44,009 - Evframe - INFO - >不重复对象< 广播消息[DAMAGE|MessagePhase.PRE]
2025-05-22 23:54:44,009 - Evframe - INFO - [广播] <__main__.TestSystem.test_complex_skills_interaction.<locals>.SkillC object at 0x000001FFB6EA20C0> 无法处理消息或不响应此消息
2025-05-22 23:54:44,009 - Evframe - INFO - >全量< 广播消息[MODIFY|MessagePhase.NONE]
2025-05-22 23:54:44,009 - Evframe - INFO - [广播] <__main__.TestSystem.test_complex_skills_interaction.<locals>.SkillA object at 0x000001FFB6EA2030> 无法处理消息或不响应此消息
2025-05-22 23:54:44,009 - Evframe - INFO - [广播] <__main__.TestSystem.test_complex_skills_interaction.<locals>.SkillB object at 0x000001FFB6EA1FD0> 无法处理消息或不响应此消息
2025-05-22 23:54:44,009 - Evframe - INFO - [广播] <__main__.TestSystem.test_complex_skills_interaction.<locals>.SkillC object at 0x000001FFB6EA20C0> 无法处理消息或不响应此消息
2025-05-22 23:54:44,009 - Evframe - INFO - 
接收DAMAGE延迟消息
2025-05-22 23:54:44,009 - Evframe - INFO - >不重复对象< 广播消息[DAMAGE|MessagePhase.PRE]
2025-05-22 23:54:44,009 - Evframe - INFO - [广播] <__main__.TestSystem.test_complex_skills_interaction.<locals>.SkillC object at 0x000001FFB6EA20C0> 无法处理消息或不响应此消息
2025-05-22 23:54:44,009 - Evframe - INFO - >全量< 广播消息[MODIFY|MessagePhase.NONE]
2025-05-22 23:54:44,009 - Evframe - INFO - [广播] <__main__.TestSystem.test_complex_skills_interaction.<locals>.SkillA object at 0x000001FFB6EA2030> 无法处理消息或不响应此消息
2025-05-22 23:54:44,009 - Evframe - INFO - [广播] <__main__.TestSystem.test_complex_skills_interaction.<locals>.SkillB object at 0x000001FFB6EA1FD0> 无法处理消息或不响应此消息
2025-05-22 23:54:44,009 - Evframe - INFO - [广播] <__main__.TestSystem.test_complex_skills_interaction.<locals>.SkillC object at 0x000001FFB6EA20C0> 无法处理消息或不响应此消息
2025-05-22 23:54:44,009 - Evframe - INFO - 处理 DAMAGE 类型 MessagePhase.PRE阶段 消息
2025-05-22 23:54:44,009 - Evframe - INFO - >全量< 广播消息[DAMAGE|MessagePhase.MAIN]
2025-05-22 23:54:44,009 - Evframe - INFO - [广播] <__main__.TestSystem.test_complex_skills_interaction.<locals>.SkillA object at 0x000001FFB6EA2030> 无法处理消息或不响应此消息
2025-05-22 23:54:44,009 - Evframe - INFO - [广播] <__main__.TestSystem.test_complex_skills_interaction.<locals>.SkillB object at 0x000001FFB6EA1FD0> 无法处理消息或不响应此消息
2025-05-22 23:54:44,009 - Evframe - INFO - [广播] <__main__.TestSystem.test_complex_skills_interaction.<locals>.SkillC object at 0x000001FFB6EA20C0> 无法处理消息或不响应此消息
2025-05-22 23:54:44,009 - Evframe - INFO - 消息[DAMAGE|MessagePhase.MAIN]的modifiers有:[]
2025-05-22 23:54:44,009 - Evframe - INFO - 正在加工消息[DAMAGE|MessagePhase.MAIN]
2025-05-22 23:54:44,009 - Evframe - INFO - 处理 DAMAGE 类型 MessagePhase.MAIN阶段 消息
2025-05-22 23:54:44,009 - Evframe - INFO - >全量< 广播消息[DAMAGE|MessagePhase.POST]
2025-05-22 23:54:44,009 - Evframe - INFO - [广播] <__main__.TestSystem.test_complex_skills_interaction.<locals>.SkillA object at 0x000001FFB6EA2030> 无法处理消息或不响应此消息
2025-05-22 23:54:44,009 - Evframe - INFO - [广播] <__main__.TestSystem.test_complex_skills_interaction.<locals>.SkillB object at 0x000001FFB6EA1FD0> 无法处理消息或不响应此消息
2025-05-22 23:54:44,010 - Evframe - INFO - 接收到HEAL消息
2025-05-22 23:54:44,010 - Evframe - INFO - [广播] <__main__.TestSystem.test_complex_skills_interaction.<locals>.SkillC object at 0x000001FFB6EA20C0> 已处理消息
2025-05-22 23:54:44,010 - Evframe - INFO - 消息[DAMAGE|MessagePhase.POST]的modifiers有:[]
2025-05-22 23:54:44,010 - Evframe - INFO - 正在加工消息[DAMAGE|MessagePhase.POST]
2025-05-22 23:54:44,010 - Evframe - INFO - 处理 DAMAGE 类型 MessagePhase.POST阶段 消息
2025-05-22 23:54:44,010 - Evframe - INFO - >全量< 广播消息[HEAL|MessagePhase.PRE]
2025-05-22 23:54:44,010 - Evframe - INFO - [广播] <__main__.TestSystem.test_complex_skills_interaction.<locals>.SkillA object at 0x000001FFB6EA2030> 无法处理消息或不响应此消息
2025-05-22 23:54:44,010 - Evframe - INFO - [广播] <__main__.TestSystem.test_complex_skills_interaction.<locals>.SkillB object at 0x000001FFB6EA1FD0> 无法处理消息或不响应此消息
2025-05-22 23:54:44,010 - Evframe - INFO - [广播] <__main__.TestSystem.test_complex_skills_interaction.<locals>.SkillC object at 0x000001FFB6EA20C0> 无法处理消息或不响应此消息
2025-05-22 23:54:44,010 - Evframe - INFO - 消息[HEAL|MessagePhase.PRE]的modifiers有:None
2025-05-22 23:54:44,010 - Evframe - INFO - 正在加工消息[HEAL|MessagePhase.PRE]
2025-05-22 23:54:44,010 - Evframe - INFO - 处理 HEAL 类型 MessagePhase.PRE阶段 消息
2025-05-22 23:54:44,010 - Evframe - INFO - >全量< 广播消息[HEAL|MessagePhase.MAIN]
2025-05-22 23:54:44,010 - Evframe - INFO - [广播] <__main__.TestSystem.test_complex_skills_interaction.<locals>.SkillA object at 0x000001FFB6EA2030> 无法处理消息或不响应此消息
2025-05-22 23:54:44,010 - Evframe - INFO - [广播] <__main__.TestSystem.test_complex_skills_interaction.<locals>.SkillB object at 0x000001FFB6EA1FD0> 无法处理消息或不响应此消息
2025-05-22 23:54:44,010 - Evframe - INFO - [广播] <__main__.TestSystem.test_complex_skills_interaction.<locals>.SkillC object at 0x000001FFB6EA20C0> 无法处理消息或不响应此消息
2025-05-22 23:54:44,010 - Evframe - INFO - 消息[HEAL|MessagePhase.MAIN]的modifiers有:None
2025-05-22 23:54:44,010 - Evframe - INFO - 正在加工消息[HEAL|MessagePhase.MAIN]
2025-05-22 23:54:44,010 - Evframe - INFO - 处理 HEAL 类型 MessagePhase.MAIN阶段 消息
2025-05-22 23:54:44,010 - Evframe - INFO - >全量< 广播消息[HEAL|MessagePhase.POST]
2025-05-22 23:54:44,010 - Evframe - INFO - [广播] <__main__.TestSystem.test_complex_skills_interaction.<locals>.SkillA object at 0x000001FFB6EA2030> 无法处理消息或不响应此消息
2025-05-22 23:54:44,010 - Evframe - INFO - [广播] <__main__.TestSystem.test_complex_skills_interaction.<locals>.SkillB object at 0x000001FFB6EA1FD0> 无法处理消息或不响应此消息
2025-05-22 23:54:44,010 - Evframe - INFO - [广播] <__main__.TestSystem.test_complex_skills_interaction.<locals>.SkillC object at 0x000001FFB6EA20C0> 无法处理消息或不响应此消息
2025-05-22 23:54:44,010 - Evframe - INFO - 消息[HEAL|MessagePhase.POST]的modifiers有:None
2025-05-22 23:54:44,010 - Evframe - INFO - 正在加工消息[HEAL|MessagePhase.POST]
2025-05-22 23:54:44,010 - Evframe - INFO - 处理 HEAL 类型 MessagePhase.POST阶段 消息
2025-05-22 23:54:44,010 - Evframe - INFO - >全量< 广播消息[ATTACK|MessagePhase.POST]
2025-05-22 23:54:44,010 - Evframe - INFO - [广播] <__main__.TestSystem.test_complex_skills_interaction.<locals>.SkillA object at 0x000001FFB6EA2030> 无法处理消息或不响应此消息
2025-05-22 23:54:44,010 - Evframe - INFO - [广播] <__main__.TestSystem.test_complex_skills_interaction.<locals>.SkillB object at 0x000001FFB6EA1FD0> 无法处理消息或不响应此消息
2025-05-22 23:54:44,010 - Evframe - INFO - [广播] <__main__.TestSystem.test_complex_skills_interaction.<locals>.SkillC object at 0x000001FFB6EA20C0> 无法处理消息或不响应此消息
2025-05-22 23:54:44,010 - Evframe - INFO - 消息[ATTACK|MessagePhase.POST]的modifiers有:None
2025-05-22 23:54:44,010 - Evframe - INFO - 正在加工消息[ATTACK|MessagePhase.POST]
2025-05-22 23:54:44,010 - Evframe - INFO - 处理 ATTACK 类型 MessagePhase.POST阶段 消息
2025-05-22 23:54:44,010 - Evframe - INFO - >全量< 广播消息[DAMAGE|MessagePhase.PRE]
2025-05-22 23:54:44,010 - Evframe - INFO - [广播] <__main__.TestSystem.test_complex_skills_interaction.<locals>.SkillA object at 0x000001FFB6EA2030> 无法处理消息或不响应此消息
2025-05-22 23:54:44,010 - Evframe - INFO - [广播] <__main__.TestSystem.test_complex_skills_interaction.<locals>.SkillB object at 0x000001FFB6EA1FD0> 无法处理消息或不响应此消息
2025-05-22 23:54:44,010 - Evframe - INFO - [广播] <__main__.TestSystem.test_complex_skills_interaction.<locals>.SkillC object at 0x000001FFB6EA20C0> 无法处理消息或不响应此消息
2025-05-22 23:54:44,012 - Evframe - INFO - 消息[DAMAGE|MessagePhase.PRE]的modifiers有:None
2025-05-22 23:54:44,012 - Evframe - INFO - 正在加工消息[DAMAGE|MessagePhase.PRE]
2025-05-22 23:54:44,012 - Evframe - INFO - 处理 DAMAGE 类型 MessagePhase.PRE阶段 消息
2025-05-22 23:54:44,012 - Evframe - INFO - >全量< 广播消息[DAMAGE|MessagePhase.MAIN]
2025-05-22 23:54:44,012 - Evframe - INFO - [广播] <__main__.TestSystem.test_complex_skills_interaction.<locals>.SkillA object at 0x000001FFB6EA2030> 无法处理消息或不响应此消息
2025-05-22 23:54:44,012 - Evframe - INFO - [广播] <__main__.TestSystem.test_complex_skills_interaction.<locals>.SkillB object at 0x000001FFB6EA1FD0> 无法处理消息或不响应此消息
2025-05-22 23:54:44,012 - Evframe - INFO - [广播] <__main__.TestSystem.test_complex_skills_interaction.<locals>.SkillC object at 0x000001FFB6EA20C0> 无法处理消息或不响应此消息
2025-05-22 23:54:44,012 - Evframe - INFO - 消息[DAMAGE|MessagePhase.MAIN]的modifiers有:None
2025-05-22 23:54:44,012 - Evframe - INFO - 正在加工消息[DAMAGE|MessagePhase.MAIN]
2025-05-22 23:54:44,012 - Evframe - INFO - 处理 DAMAGE 类型 MessagePhase.MAIN阶段 消息
2025-05-22 23:54:44,012 - Evframe - INFO - >全量< 广播消息[DAMAGE|MessagePhase.POST]
2025-05-22 23:54:44,012 - Evframe - INFO - [广播] <__main__.TestSystem.test_complex_skills_interaction.<locals>.SkillA object at 0x000001FFB6EA2030> 无法处理消息或不响应此消息
2025-05-22 23:54:44,012 - Evframe - INFO - [广播] <__main__.TestSystem.test_complex_skills_interaction.<locals>.SkillB object at 0x000001FFB6EA1FD0> 无法处理消息或不响应此消息
2025-05-22 23:54:44,012 - Evframe - INFO - 接收到HEAL消息
2025-05-22 23:54:44,012 - Evframe - INFO - [广播] <__main__.TestSystem.test_complex_skills_interaction.<locals>.SkillC object at 0x000001FFB6EA20C0> 已处理消息
2025-05-22 23:54:44,012 - Evframe - INFO - 消息[DAMAGE|MessagePhase.POST]的modifiers有:None
2025-05-22 23:54:44,012 - Evframe - INFO - 正在加工消息[DAMAGE|MessagePhase.POST]
2025-05-22 23:54:44,012 - Evframe - INFO - 处理 DAMAGE 类型 MessagePhase.POST阶段 消息
2025-05-22 23:54:44,012 - Evframe - INFO - >全量< 广播消息[HEAL|MessagePhase.PRE]
2025-05-22 23:54:44,012 - Evframe - INFO - [广播] <__main__.TestSystem.test_complex_skills_interaction.<locals>.SkillA object at 0x000001FFB6EA2030> 无法处理消息或不响应此消息
2025-05-22 23:54:44,013 - Evframe - INFO - [广播] <__main__.TestSystem.test_complex_skills_interaction.<locals>.SkillB object at 0x000001FFB6EA1FD0> 无法处理消息或不响应此消息
2025-05-22 23:54:44,013 - Evframe - INFO - [广播] <__main__.TestSystem.test_complex_skills_interaction.<locals>.SkillC object at 0x000001FFB6EA20C0> 无法处理消息或不响应此消息
2025-05-22 23:54:44,013 - Evframe - INFO - 消息[HEAL|MessagePhase.PRE]的modifiers有:None
2025-05-22 23:54:44,013 - Evframe - INFO - 正在加工消息[HEAL|MessagePhase.PRE]
2025-05-22 23:54:44,013 - Evframe - INFO - 处理 HEAL 类型 MessagePhase.PRE阶段 消息
2025-05-22 23:54:44,013 - Evframe - INFO - >全量< 广播消息[HEAL|MessagePhase.MAIN]
2025-05-22 23:54:44,013 - Evframe - INFO - [广播] <__main__.TestSystem.test_complex_skills_interaction.<locals>.SkillA object at 0x000001FFB6EA2030> 无法处理消息或不响应此消息
2025-05-22 23:54:44,013 - Evframe - INFO - [广播] <__main__.TestSystem.test_complex_skills_interaction.<locals>.SkillB object at 0x000001FFB6EA1FD0> 无法处理消息或不响应此消息
2025-05-22 23:54:44,013 - Evframe - INFO - [广播] <__main__.TestSystem.test_complex_skills_interaction.<locals>.SkillC object at 0x000001FFB6EA20C0> 无法处理消息或不响应此消息
2025-05-22 23:54:44,013 - Evframe - INFO - 消息[HEAL|MessagePhase.MAIN]的modifiers有:None
2025-05-22 23:54:44,013 - Evframe - INFO - 正在加工消息[HEAL|MessagePhase.MAIN]
2025-05-22 23:54:44,013 - Evframe - INFO - 处理 HEAL 类型 MessagePhase.MAIN阶段 消息
2025-05-22 23:54:44,013 - Evframe - INFO - >全量< 广播消息[HEAL|MessagePhase.POST]
2025-05-22 23:54:44,013 - Evframe - INFO - [广播] <__main__.TestSystem.test_complex_skills_interaction.<locals>.SkillA object at 0x000001FFB6EA2030> 无法处理消息或不响应此消息
2025-05-22 23:54:44,013 - Evframe - INFO - [广播] <__main__.TestSystem.test_complex_skills_interaction.<locals>.SkillB object at 0x000001FFB6EA1FD0> 无法处理消息或不响应此消息
2025-05-22 23:54:44,013 - Evframe - INFO - [广播] <__main__.TestSystem.test_complex_skills_interaction.<locals>.SkillC object at 0x000001FFB6EA20C0> 无法处理消息或不响应此消息
2025-05-22 23:54:44,013 - Evframe - INFO - 消息[HEAL|MessagePhase.POST]的modifiers有:None
2025-05-22 23:54:44,013 - Evframe - INFO - 正在加工消息[HEAL|MessagePhase.POST]
2025-05-22 23:54:44,013 - Evframe - INFO - 处理 HEAL 类型 MessagePhase.POST阶段 消息
2025-05-22 23:54:44,013 - Evframe - INFO - 消息链已经清空
2025-05-22 23:54:44,013 - Evframe - INFO - 清空所有监听器
2025-05-22 23:54:44,013 - Evframe - INFO - 消息链已经清空
2025-05-22 23:54:44,013 - Evframe - INFO - 重置消息管理器
2025-05-22 23:54:44,014 - Evframe - INFO - 已经替换SKILL_SKILLX的MAIN阶段处理器
2025-05-22 23:54:44,014 - Evframe - INFO - 已经注册SKILL_SKILLX的MAIN阶段处理器
2025-05-22 23:54:44,014 - Evframe - INFO - 成功注册<__main__.TestSystem.test_modifiers.<locals>.SkillX object at 0x000001FFB6EA2300>,UUID:277daf33-c704-4e48-92fb-813d4f8a1695
2025-05-22 23:54:44,014 - Evframe - INFO - 接收到ATTACK消息
2025-05-22 23:54:44,014 - Evframe - INFO - >全量< 广播消息[ATTACK|MessagePhase.PRE]
2025-05-22 23:54:44,014 - Evframe - INFO - [广播] <__main__.TestSystem.test_modifiers.<locals>.SkillX object at 0x000001FFB6EA2300> 无法处理消息或不响应此消息
2025-05-22 23:54:44,014 - Evframe - INFO - 消息[ATTACK|MessagePhase.PRE]的modifiers有:None
2025-05-22 23:54:44,014 - Evframe - INFO - 正在加工消息[ATTACK|MessagePhase.PRE]
2025-05-22 23:54:44,014 - Evframe - INFO - 处理 ATTACK 类型 MessagePhase.PRE阶段 消息
2025-05-22 23:54:44,014 - Evframe - INFO - >全量< 广播消息[ATTACK|MessagePhase.MAIN]
2025-05-22 23:54:44,014 - Evframe - INFO - [广播] <__main__.TestSystem.test_modifiers.<locals>.SkillX object at 0x000001FFB6EA2300> 无法处理消息或不响应此消息
2025-05-22 23:54:44,014 - Evframe - INFO - 消息[ATTACK|MessagePhase.MAIN]的modifiers有:None
2025-05-22 23:54:44,015 - Evframe - INFO - 正在加工消息[ATTACK|MessagePhase.MAIN]
2025-05-22 23:54:44,015 - Evframe - INFO - 处理 ATTACK 类型 MessagePhase.MAIN阶段 消息
2025-05-22 23:54:44,015 - Evframe - INFO - 接收到DAMAGE消息
2025-05-22 23:54:44,015 - Evframe - INFO - >全量< 广播消息[DAMAGE|MessagePhase.PRE]
2025-05-22 23:54:44,015 - Evframe - INFO - [广播] <__main__.TestSystem.test_modifiers.<locals>.SkillX object at 0x000001FFB6EA2300> 已处理消息
2025-05-22 23:54:44,015 - Evframe - INFO - 消息[DAMAGE|MessagePhase.PRE]的modifiers有:[(<ModifierType.SET_VALUE: 1>, 25)]
2025-05-22 23:54:44,015 - Evframe - INFO - 正在加工消息[DAMAGE|MessagePhase.PRE]
2025-05-22 23:54:44,015 - Evframe - INFO - >不重复对象< 广播消息[DAMAGE|MessagePhase.PRE]
2025-05-22 23:54:44,015 - Evframe - INFO - >全量< 广播消息[MODIFY|MessagePhase.NONE]
2025-05-22 23:54:44,015 - Evframe - INFO - [广播] <__main__.TestSystem.test_modifiers.<locals>.SkillX object at 0x000001FFB6EA2300> 无法处理消息或不响应此消息
2025-05-22 23:54:44,015 - Evframe - INFO - 处理 DAMAGE 类型 MessagePhase.PRE阶段 消息
2025-05-22 23:54:44,015 - Evframe - INFO - >全量< 广播消息[DAMAGE|MessagePhase.MAIN]
2025-05-22 23:54:44,015 - Evframe - INFO - [广播] <__main__.TestSystem.test_modifiers.<locals>.SkillX object at 0x000001FFB6EA2300> 无法处理消息或不响应此消息
2025-05-22 23:54:44,015 - Evframe - INFO - 消息[DAMAGE|MessagePhase.MAIN]的modifiers有:[]
2025-05-22 23:54:44,015 - Evframe - INFO - 正在加工消息[DAMAGE|MessagePhase.MAIN]
2025-05-22 23:54:44,015 - Evframe - INFO - 处理 DAMAGE 类型 MessagePhase.MAIN阶段 消息
2025-05-22 23:54:44,015 - Evframe - INFO - >全量< 广播消息[DAMAGE|MessagePhase.POST]
2025-05-22 23:54:44,015 - Evframe - INFO - [广播] <__main__.TestSystem.test_modifiers.<locals>.SkillX object at 0x000001FFB6EA2300> 无法处理消息或不响应此消息
2025-05-22 23:54:44,015 - Evframe - INFO - 消息[DAMAGE|MessagePhase.POST]的modifiers有:[]
2025-05-22 23:54:44,015 - Evframe - INFO - 正在加工消息[DAMAGE|MessagePhase.POST]
2025-05-22 23:54:44,015 - Evframe - INFO - 处理 DAMAGE 类型 MessagePhase.POST阶段 消息
2025-05-22 23:54:44,015 - Evframe - INFO - >全量< 广播消息[ATTACK|MessagePhase.POST]
2025-05-22 23:54:44,015 - Evframe - INFO - [广播] <__main__.TestSystem.test_modifiers.<locals>.SkillX object at 0x000001FFB6EA2300> 无法处理消息或不响应此消息
2025-05-22 23:54:44,016 - Evframe - INFO - 消息[ATTACK|MessagePhase.POST]的modifiers有:None
2025-05-22 23:54:44,016 - Evframe - INFO - 正在加工消息[ATTACK|MessagePhase.POST]
2025-05-22 23:54:44,016 - Evframe - INFO - 处理 ATTACK 类型 MessagePhase.POST阶段 消息
2025-05-22 23:54:44,016 - Evframe - INFO - 消息链已经清空
2025-05-22 23:54:44,016 - Evframe - INFO - 清空所有监听器
2025-05-22 23:54:44,016 - Evframe - INFO - 消息链已经清空
2025-05-22 23:54:44,016 - Evframe - INFO - 重置消息管理器
2025-05-22 23:54:44,016 - Evframe - INFO - 已经替换SKILL_SKILLD的MAIN阶段处理器
2025-05-22 23:54:44,016 - Evframe - INFO - 已经注册SKILL_SKILLD的MAIN阶段处理器
2025-05-22 23:54:44,017 - Evframe - INFO - 成功注册<__main__.TestSystem.test_msgchainvar.<locals>.SkillD object at 0x000001FFB6EA24B0>,UUID:d4f26e9b-50bd-4deb-8d66-27ea102239e9
2025-05-22 23:54:44,017 - Evframe - INFO - 接收到ATTACK消息
2025-05-22 23:54:44,017 - Evframe - INFO - >全量< 广播消息[ATTACK|MessagePhase.PRE]
2025-05-22 23:54:44,017 - Evframe - INFO - 添加消息链变量: skillD.testvar = 2
2025-05-22 23:54:44,017 - Evframe - INFO - [广播] <__main__.TestSystem.test_msgchainvar.<locals>.SkillD object at 0x000001FFB6EA24B0> 已处理消息
2025-05-22 23:54:44,017 - Evframe - INFO - 消息[ATTACK|MessagePhase.PRE]的modifiers有:None
2025-05-22 23:54:44,017 - Evframe - INFO - 正在加工消息[ATTACK|MessagePhase.PRE]
2025-05-22 23:54:44,017 - Evframe - INFO - 处理 ATTACK 类型 MessagePhase.PRE阶段 消息
2025-05-22 23:54:44,017 - Evframe - INFO - >全量< 广播消息[ATTACK|MessagePhase.MAIN]
2025-05-22 23:54:44,017 - Evframe - INFO - [广播] <__main__.TestSystem.test_msgchainvar.<locals>.SkillD object at 0x000001FFB6EA24B0> 无法处理消息或不响应此消息
2025-05-22 23:54:44,017 - Evframe - INFO - 消息[ATTACK|MessagePhase.MAIN]的modifiers有:None
2025-05-22 23:54:44,017 - Evframe - INFO - 正在加工消息[ATTACK|MessagePhase.MAIN]
2025-05-22 23:54:44,017 - Evframe - INFO - 处理 ATTACK 类型 MessagePhase.MAIN阶段 消息
2025-05-22 23:54:44,017 - Evframe - INFO - 接收到DAMAGE消息
2025-05-22 23:54:44,017 - Evframe - INFO - >全量< 广播消息[DAMAGE|MessagePhase.PRE]
2025-05-22 23:54:44,017 - Evframe - INFO - 注册自定义modifier: SkillD_custom_modifier
2025-05-22 23:54:44,017 - Evframe - INFO - [广播] <__main__.TestSystem.test_msgchainvar.<locals>.SkillD object at 0x000001FFB6EA24B0> 已处理消息
2025-05-22 23:54:44,017 - Evframe - INFO - 消息[DAMAGE|MessagePhase.PRE]的modifiers有:[('SkillD_custom_modifier', 0)]
2025-05-22 23:54:44,017 - Evframe - INFO - 正在加工消息[DAMAGE|MessagePhase.PRE]
2025-05-22 23:54:44,017 - Evframe - INFO - >不重复对象< 广播消息[DAMAGE|MessagePhase.PRE]
2025-05-22 23:54:44,017 - Evframe - INFO - >全量< 广播消息[MODIFY|MessagePhase.NONE]
2025-05-22 23:54:44,017 - Evframe - INFO - [广播] <__main__.TestSystem.test_msgchainvar.<locals>.SkillD object at 0x000001FFB6EA24B0> 无法处理消息或不响应此消息
2025-05-22 23:54:44,017 - Evframe - INFO - 处理 DAMAGE 类型 MessagePhase.PRE阶段 消息
2025-05-22 23:54:44,017 - Evframe - INFO - >全量< 广播消息[DAMAGE|MessagePhase.MAIN]
2025-05-22 23:54:44,017 - Evframe - INFO - [广播] <__main__.TestSystem.test_msgchainvar.<locals>.SkillD object at 0x000001FFB6EA24B0> 无法处理消息或不响应此消息
2025-05-22 23:54:44,017 - Evframe - INFO - 消息[DAMAGE|MessagePhase.MAIN]的modifiers有:[]
2025-05-22 23:54:44,017 - Evframe - INFO - 正在加工消息[DAMAGE|MessagePhase.MAIN]
2025-05-22 23:54:44,017 - Evframe - INFO - 处理 DAMAGE 类型 MessagePhase.MAIN阶段 消息
2025-05-22 23:54:44,017 - Evframe - INFO - >全量< 广播消息[DAMAGE|MessagePhase.POST]
2025-05-22 23:54:44,019 - Evframe - INFO - [广播] <__main__.TestSystem.test_msgchainvar.<locals>.SkillD object at 0x000001FFB6EA24B0> 无法处理消息或不响应此消息
2025-05-22 23:54:44,019 - Evframe - INFO - 消息[DAMAGE|MessagePhase.POST]的modifiers有:[]
2025-05-22 23:54:44,019 - Evframe - INFO - 正在加工消息[DAMAGE|MessagePhase.POST]
2025-05-22 23:54:44,019 - Evframe - INFO - 处理 DAMAGE 类型 MessagePhase.POST阶段 消息
2025-05-22 23:54:44,019 - Evframe - INFO - >全量< 广播消息[ATTACK|MessagePhase.POST]
2025-05-22 23:54:44,019 - Evframe - INFO - [广播] <__main__.TestSystem.test_msgchainvar.<locals>.SkillD object at 0x000001FFB6EA24B0> 无法处理消息或不响应此消息
2025-05-22 23:54:44,019 - Evframe - INFO - 消息[ATTACK|MessagePhase.POST]的modifiers有:None
2025-05-22 23:54:44,019 - Evframe - INFO - 正在加工消息[ATTACK|MessagePhase.POST]
2025-05-22 23:54:44,019 - Evframe - INFO - 处理 ATTACK 类型 MessagePhase.POST阶段 消息
2025-05-22 23:54:44,019 - Evframe - INFO - 消息链已经清空
2025-05-22 23:54:44,019 - Evframe - INFO - 清空所有监听器
2025-05-22 23:54:44,019 - Evframe - INFO - 消息链已经清空
2025-05-22 23:54:44,019 - Evframe - INFO - 重置消息管理器
2025-05-22 23:54:44,020 - Evframe - INFO - 已经替换SKILL_THORNARMORSKILL的MAIN阶段处理器
2025-05-22 23:54:44,020 - Evframe - INFO - 已经注册SKILL_THORNARMORSKILL的MAIN阶段处理器
2025-05-22 23:54:44,020 - Evframe - INFO - 成功注册<__main__.ThornArmorSkill object at 0x000001FFB6EA2720>,UUID:9acbe1c5-9b9e-4fdc-95a8-c3d990e51263
2025-05-22 23:54:44,020 - Evframe - INFO - 已经替换SKILL_HEALSKILL的MAIN阶段处理器
2025-05-22 23:54:44,020 - Evframe - INFO - 已经注册SKILL_HEALSKILL的MAIN阶段处理器
2025-05-22 23:54:44,020 - Evframe - INFO - 成功注册<__main__.HealSkill object at 0x000001FFB6EA2990>,UUID:0a106651-6f4d-4bea-b358-d113c14fcf95
2025-05-22 23:54:44,020 - Evframe - INFO - 成功注册<__main__.ThornArmorSkill object at 0x000001FFB6EA2A50>,UUID:7d3b9203-0828-480b-b82f-5100957b3b5f
2025-05-22 23:54:44,020 - Evframe - INFO - 成功注册<__main__.HealSkill object at 0x000001FFB6EA2B10>,UUID:8e5323fa-4aa2-4431-a436-bbe008cfcb04
2025-05-22 23:54:44,020 - Evframe - INFO - 接收到ATTACK消息
2025-05-22 23:54:44,020 - Evframe - INFO - >全量< 广播消息[ATTACK|MessagePhase.PRE]
2025-05-22 23:54:44,020 - Evframe - INFO - [广播] <__main__.ThornArmorSkill object at 0x000001FFB6EA2720> 无法处理消息或不响应此消息
2025-05-22 23:54:44,020 - Evframe - INFO - [广播] <__main__.HealSkill object at 0x000001FFB6EA2990> 无法处理消息或不响应此消息
2025-05-22 23:54:44,020 - Evframe - INFO - [广播] <__main__.ThornArmorSkill object at 0x000001FFB6EA2A50> 无法处理消息或不响应此消息
2025-05-22 23:54:44,020 - Evframe - INFO - [广播] <__main__.HealSkill object at 0x000001FFB6EA2B10> 无法处理消息或不响应此消息
2025-05-22 23:54:44,020 - Evframe - INFO - 消息[ATTACK|MessagePhase.PRE]的modifiers有:None
2025-05-22 23:54:44,020 - Evframe - INFO - 正在加工消息[ATTACK|MessagePhase.PRE]
2025-05-22 23:54:44,020 - Evframe - INFO - 处理 ATTACK 类型 MessagePhase.PRE阶段 消息
2025-05-22 23:54:44,020 - Evframe - INFO - >全量< 广播消息[ATTACK|MessagePhase.MAIN]
2025-05-22 23:54:44,020 - Evframe - INFO - [广播] <__main__.ThornArmorSkill object at 0x000001FFB6EA2720> 无法处理消息或不响应此消息
2025-05-22 23:54:44,020 - Evframe - INFO - [广播] <__main__.HealSkill object at 0x000001FFB6EA2990> 无法处理消息或不响应此消息
2025-05-22 23:54:44,020 - Evframe - INFO - [广播] <__main__.ThornArmorSkill object at 0x000001FFB6EA2A50> 无法处理消息或不响应此消息
2025-05-22 23:54:44,020 - Evframe - INFO - [广播] <__main__.HealSkill object at 0x000001FFB6EA2B10> 无法处理消息或不响应此消息
2025-05-22 23:54:44,020 - Evframe - INFO - 消息[ATTACK|MessagePhase.MAIN]的modifiers有:None
2025-05-22 23:54:44,020 - Evframe - INFO - 正在加工消息[ATTACK|MessagePhase.MAIN]
2025-05-22 23:54:44,020 - Evframe - INFO - 处理 ATTACK 类型 MessagePhase.MAIN阶段 消息
2025-05-22 23:54:44,020 - Evframe - INFO - 接收到DAMAGE消息
2025-05-22 23:54:44,020 - Evframe - INFO - >全量< 广播消息[DAMAGE|MessagePhase.PRE]
2025-05-22 23:54:44,020 - Evframe - INFO - 
接收DAMAGE延迟消息
2025-05-22 23:54:44,020 - Evframe - INFO - [广播] <__main__.ThornArmorSkill object at 0x000001FFB6EA2720> 已处理消息
2025-05-22 23:54:44,020 - Evframe - INFO - [广播] <__main__.HealSkill object at 0x000001FFB6EA2990> 无法处理消息或不响应此消息
2025-05-22 23:54:44,020 - Evframe - INFO - [广播] <__main__.ThornArmorSkill object at 0x000001FFB6EA2A50> 无法处理消息或不响应此消息
2025-05-22 23:54:44,020 - Evframe - INFO - [广播] <__main__.HealSkill object at 0x000001FFB6EA2B10> 无法处理消息或不响应此消息
2025-05-22 23:54:44,020 - Evframe - INFO - 消息[DAMAGE|MessagePhase.PRE]的modifiers有:None
2025-05-22 23:54:44,020 - Evframe - INFO - 正在加工消息[DAMAGE|MessagePhase.PRE]
2025-05-22 23:54:44,020 - Evframe - INFO - 处理 DAMAGE 类型 MessagePhase.PRE阶段 消息
2025-05-22 23:54:44,020 - Evframe - INFO - >全量< 广播消息[DAMAGE|MessagePhase.MAIN]
2025-05-22 23:54:44,020 - Evframe - INFO - [广播] <__main__.ThornArmorSkill object at 0x000001FFB6EA2720> 无法处理消息或不响应此消息
2025-05-22 23:54:44,020 - Evframe - INFO - [广播] <__main__.HealSkill object at 0x000001FFB6EA2990> 无法处理消息或不响应此消息
2025-05-22 23:54:44,021 - Evframe - INFO - [广播] <__main__.ThornArmorSkill object at 0x000001FFB6EA2A50> 无法处理消息或不响应此消息
2025-05-22 23:54:44,021 - Evframe - INFO - [广播] <__main__.HealSkill object at 0x000001FFB6EA2B10> 无法处理消息或不响应此消息
2025-05-22 23:54:44,021 - Evframe - INFO - 消息[DAMAGE|MessagePhase.MAIN]的modifiers有:None
2025-05-22 23:54:44,021 - Evframe - INFO - 正在加工消息[DAMAGE|MessagePhase.MAIN]
2025-05-22 23:54:44,021 - Evframe - INFO - 处理 DAMAGE 类型 MessagePhase.MAIN阶段 消息
2025-05-22 23:54:44,021 - Evframe - INFO - >全量< 广播消息[DAMAGE|MessagePhase.POST]
2025-05-22 23:54:44,021 - Evframe - INFO - [广播] <__main__.ThornArmorSkill object at 0x000001FFB6EA2720> 无法处理消息或不响应此消息
2025-05-22 23:54:44,021 - Evframe - INFO - 接收到HEAL消息
2025-05-22 23:54:44,021 - Evframe - INFO - [广播] <__main__.HealSkill object at 0x000001FFB6EA2990> 已处理消息
2025-05-22 23:54:44,021 - Evframe - INFO - [广播] <__main__.ThornArmorSkill object at 0x000001FFB6EA2A50> 无法处理消息或不响应此消息
2025-05-22 23:54:44,021 - Evframe - INFO - [广播] <__main__.HealSkill object at 0x000001FFB6EA2B10> 无法处理消息或不响应此消息
2025-05-22 23:54:44,021 - Evframe - INFO - 消息[DAMAGE|MessagePhase.POST]的modifiers有:None
2025-05-22 23:54:44,021 - Evframe - INFO - 正在加工消息[DAMAGE|MessagePhase.POST]
2025-05-22 23:54:44,021 - Evframe - INFO - 处理 DAMAGE 类型 MessagePhase.POST阶段 消息
2025-05-22 23:54:44,021 - Evframe - INFO - >全量< 广播消息[HEAL|MessagePhase.PRE]
2025-05-22 23:54:44,021 - Evframe - INFO - [广播] <__main__.ThornArmorSkill object at 0x000001FFB6EA2720> 无法处理消息或不响应此消息
2025-05-22 23:54:44,021 - Evframe - INFO - [广播] <__main__.HealSkill object at 0x000001FFB6EA2990> 无法处理消息或不响应此消息
2025-05-22 23:54:44,021 - Evframe - INFO - [广播] <__main__.ThornArmorSkill object at 0x000001FFB6EA2A50> 无法处理消息或不响应此消息
2025-05-22 23:54:44,021 - Evframe - INFO - [广播] <__main__.HealSkill object at 0x000001FFB6EA2B10> 无法处理消息或不响应此消息
2025-05-22 23:54:44,021 - Evframe - INFO - 消息[HEAL|MessagePhase.PRE]的modifiers有:None
2025-05-22 23:54:44,021 - Evframe - INFO - 正在加工消息[HEAL|MessagePhase.PRE]
2025-05-22 23:54:44,021 - Evframe - INFO - 处理 HEAL 类型 MessagePhase.PRE阶段 消息
2025-05-22 23:54:44,021 - Evframe - INFO - >全量< 广播消息[HEAL|MessagePhase.MAIN]
2025-05-22 23:54:44,021 - Evframe - INFO - [广播] <__main__.ThornArmorSkill object at 0x000001FFB6EA2720> 无法处理消息或不响应此消息
2025-05-22 23:54:44,021 - Evframe - INFO - [广播] <__main__.HealSkill object at 0x000001FFB6EA2990> 无法处理消息或不响应此消息
2025-05-22 23:54:44,021 - Evframe - INFO - [广播] <__main__.ThornArmorSkill object at 0x000001FFB6EA2A50> 无法处理消息或不响应此消息
2025-05-22 23:54:44,021 - Evframe - INFO - [广播] <__main__.HealSkill object at 0x000001FFB6EA2B10> 无法处理消息或不响应此消息
2025-05-22 23:54:44,022 - Evframe - INFO - 消息[HEAL|MessagePhase.MAIN]的modifiers有:None
2025-05-22 23:54:44,022 - Evframe - INFO - 正在加工消息[HEAL|MessagePhase.MAIN]
2025-05-22 23:54:44,022 - Evframe - INFO - 处理 HEAL 类型 MessagePhase.MAIN阶段 消息
2025-05-22 23:54:44,022 - Evframe - INFO - >全量< 广播消息[HEAL|MessagePhase.POST]
2025-05-22 23:54:44,022 - Evframe - INFO - [广播] <__main__.ThornArmorSkill object at 0x000001FFB6EA2720> 无法处理消息或不响应此消息
2025-05-22 23:54:44,022 - Evframe - INFO - [广播] <__main__.HealSkill object at 0x000001FFB6EA2990> 无法处理消息或不响应此消息
2025-05-22 23:54:44,022 - Evframe - INFO - [广播] <__main__.ThornArmorSkill object at 0x000001FFB6EA2A50> 无法处理消息或不响应此消息
2025-05-22 23:54:44,022 - Evframe - INFO - [广播] <__main__.HealSkill object at 0x000001FFB6EA2B10> 无法处理消息或不响应此消息
2025-05-22 23:54:44,022 - Evframe - INFO - 消息[HEAL|MessagePhase.POST]的modifiers有:None
2025-05-22 23:54:44,022 - Evframe - INFO - 正在加工消息[HEAL|MessagePhase.POST]
2025-05-22 23:54:44,022 - Evframe - INFO - 处理 HEAL 类型 MessagePhase.POST阶段 消息
2025-05-22 23:54:44,022 - Evframe - INFO - >全量< 广播消息[ATTACK|MessagePhase.POST]
2025-05-22 23:54:44,022 - Evframe - INFO - [广播] <__main__.ThornArmorSkill object at 0x000001FFB6EA2720> 无法处理消息或不响应此消息
2025-05-22 23:54:44,022 - Evframe - INFO - [广播] <__main__.HealSkill object at 0x000001FFB6EA2990> 无法处理消息或不响应此消息
2025-05-22 23:54:44,022 - Evframe - INFO - [广播] <__main__.ThornArmorSkill object at 0x000001FFB6EA2A50> 无法处理消息或不响应此消息
2025-05-22 23:54:44,022 - Evframe - INFO - [广播] <__main__.HealSkill object at 0x000001FFB6EA2B10> 无法处理消息或不响应此消息
2025-05-22 23:54:44,022 - Evframe - INFO - 消息[ATTACK|MessagePhase.POST]的modifiers有:None
2025-05-22 23:54:44,022 - Evframe - INFO - 正在加工消息[ATTACK|MessagePhase.POST]
2025-05-22 23:54:44,022 - Evframe - INFO - 处理 ATTACK 类型 MessagePhase.POST阶段 消息
2025-05-22 23:54:44,022 - Evframe - INFO - >全量< 广播消息[DAMAGE|MessagePhase.PRE]
2025-05-22 23:54:44,022 - Evframe - INFO - [广播] <__main__.ThornArmorSkill object at 0x000001FFB6EA2720> 无法处理消息或不响应此消息
2025-05-22 23:54:44,022 - Evframe - INFO - [广播] <__main__.HealSkill object at 0x000001FFB6EA2990> 无法处理消息或不响应此消息
2025-05-22 23:54:44,023 - Evframe - INFO - 
接收DAMAGE延迟消息
2025-05-22 23:54:44,023 - Evframe - INFO - [广播] <__main__.ThornArmorSkill object at 0x000001FFB6EA2A50> 已处理消息
2025-05-22 23:54:44,023 - Evframe - INFO - [广播] <__main__.HealSkill object at 0x000001FFB6EA2B10> 无法处理消息或不响应此消息
2025-05-22 23:54:44,023 - Evframe - INFO - 消息[DAMAGE|MessagePhase.PRE]的modifiers有:None
2025-05-22 23:54:44,023 - Evframe - INFO - 正在加工消息[DAMAGE|MessagePhase.PRE]
2025-05-22 23:54:44,023 - Evframe - INFO - 处理 DAMAGE 类型 MessagePhase.PRE阶段 消息
2025-05-22 23:54:44,023 - Evframe - INFO - >全量< 广播消息[DAMAGE|MessagePhase.MAIN]
2025-05-22 23:54:44,023 - Evframe - INFO - [广播] <__main__.ThornArmorSkill object at 0x000001FFB6EA2720> 无法处理消息或不响应此消息
2025-05-22 23:54:44,023 - Evframe - INFO - [广播] <__main__.HealSkill object at 0x000001FFB6EA2990> 无法处理消息或不响应此消息
2025-05-22 23:54:44,023 - Evframe - INFO - [广播] <__main__.ThornArmorSkill object at 0x000001FFB6EA2A50> 无法处理消息或不响应此消息
2025-05-22 23:54:44,023 - Evframe - INFO - [广播] <__main__.HealSkill object at 0x000001FFB6EA2B10> 无法处理消息或不响应此消息
2025-05-22 23:54:44,023 - Evframe - INFO - 消息[DAMAGE|MessagePhase.MAIN]的modifiers有:None
2025-05-22 23:54:44,023 - Evframe - INFO - 正在加工消息[DAMAGE|MessagePhase.MAIN]
2025-05-22 23:54:44,023 - Evframe - INFO - 处理 DAMAGE 类型 MessagePhase.MAIN阶段 消息
2025-05-22 23:54:44,023 - Evframe - INFO - >全量< 广播消息[DAMAGE|MessagePhase.POST]
2025-05-22 23:54:44,023 - Evframe - INFO - [广播] <__main__.ThornArmorSkill object at 0x000001FFB6EA2720> 无法处理消息或不响应此消息
2025-05-22 23:54:44,023 - Evframe - INFO - [广播] <__main__.HealSkill object at 0x000001FFB6EA2990> 无法处理消息或不响应此消息
2025-05-22 23:54:44,023 - Evframe - INFO - [广播] <__main__.ThornArmorSkill object at 0x000001FFB6EA2A50> 无法处理消息或不响应此消息
2025-05-22 23:54:44,023 - Evframe - INFO - 接收到HEAL消息
2025-05-22 23:54:44,023 - Evframe - INFO - [广播] <__main__.HealSkill object at 0x000001FFB6EA2B10> 已处理消息
2025-05-22 23:54:44,023 - Evframe - INFO - 消息[DAMAGE|MessagePhase.POST]的modifiers有:None
2025-05-22 23:54:44,023 - Evframe - INFO - 正在加工消息[DAMAGE|MessagePhase.POST]
2025-05-22 23:54:44,023 - Evframe - INFO - 处理 DAMAGE 类型 MessagePhase.POST阶段 消息
2025-05-22 23:54:44,023 - Evframe - INFO - >全量< 广播消息[HEAL|MessagePhase.PRE]
2025-05-22 23:54:44,023 - Evframe - INFO - [广播] <__main__.ThornArmorSkill object at 0x000001FFB6EA2720> 无法处理消息或不响应此消息
2025-05-22 23:54:44,023 - Evframe - INFO - [广播] <__main__.HealSkill object at 0x000001FFB6EA2990> 无法处理消息或不响应此消息
2025-05-22 23:54:44,023 - Evframe - INFO - [广播] <__main__.ThornArmorSkill object at 0x000001FFB6EA2A50> 无法处理消息或不响应此消息
2025-05-22 23:54:44,023 - Evframe - INFO - [广播] <__main__.HealSkill object at 0x000001FFB6EA2B10> 无法处理消息或不响应此消息
2025-05-22 23:54:44,023 - Evframe - INFO - 消息[HEAL|MessagePhase.PRE]的modifiers有:None
2025-05-22 23:54:44,023 - Evframe - INFO - 正在加工消息[HEAL|MessagePhase.PRE]
2025-05-22 23:54:44,023 - Evframe - INFO - 处理 HEAL 类型 MessagePhase.PRE阶段 消息
2025-05-22 23:54:44,023 - Evframe - INFO - >全量< 广播消息[HEAL|MessagePhase.MAIN]
2025-05-22 23:54:44,023 - Evframe - INFO - [广播] <__main__.ThornArmorSkill object at 0x000001FFB6EA2720> 无法处理消息或不响应此消息
2025-05-22 23:54:44,023 - Evframe - INFO - [广播] <__main__.HealSkill object at 0x000001FFB6EA2990> 无法处理消息或不响应此消息
2025-05-22 23:54:44,023 - Evframe - INFO - [广播] <__main__.ThornArmorSkill object at 0x000001FFB6EA2A50> 无法处理消息或不响应此消息
2025-05-22 23:54:44,023 - Evframe - INFO - [广播] <__main__.HealSkill object at 0x000001FFB6EA2B10> 无法处理消息或不响应此消息
2025-05-22 23:54:44,023 - Evframe - INFO - 消息[HEAL|MessagePhase.MAIN]的modifiers有:None
2025-05-22 23:54:44,023 - Evframe - INFO - 正在加工消息[HEAL|MessagePhase.MAIN]
2025-05-22 23:54:44,023 - Evframe - INFO - 处理 HEAL 类型 MessagePhase.MAIN阶段 消息
2025-05-22 23:54:44,025 - Evframe - INFO - >全量< 广播消息[HEAL|MessagePhase.POST]
2025-05-22 23:54:44,025 - Evframe - INFO - [广播] <__main__.ThornArmorSkill object at 0x000001FFB6EA2720> 无法处理消息或不响应此消息
2025-05-22 23:54:44,025 - Evframe - INFO - [广播] <__main__.HealSkill object at 0x000001FFB6EA2990> 无法处理消息或不响应此消息
2025-05-22 23:54:44,025 - Evframe - INFO - [广播] <__main__.ThornArmorSkill object at 0x000001FFB6EA2A50> 无法处理消息或不响应此消息
2025-05-22 23:54:44,025 - Evframe - INFO - [广播] <__main__.HealSkill object at 0x000001FFB6EA2B10> 无法处理消息或不响应此消息
2025-05-22 23:54:44,025 - Evframe - INFO - 消息[HEAL|MessagePhase.POST]的modifiers有:None
2025-05-22 23:54:44,025 - Evframe - INFO - 正在加工消息[HEAL|MessagePhase.POST]
2025-05-22 23:54:44,025 - Evframe - INFO - 处理 HEAL 类型 MessagePhase.POST阶段 消息
2025-05-22 23:54:44,025 - Evframe - INFO - >全量< 广播消息[DAMAGE|MessagePhase.PRE]
2025-05-22 23:54:44,025 - Evframe - INFO - 
接收DAMAGE延迟消息
2025-05-22 23:54:44,025 - Evframe - INFO - [广播] <__main__.ThornArmorSkill object at 0x000001FFB6EA2720> 已处理消息
2025-05-22 23:54:44,025 - Evframe - INFO - [广播] <__main__.HealSkill object at 0x000001FFB6EA2990> 无法处理消息或不响应此消息
2025-05-22 23:54:44,025 - Evframe - INFO - [广播] <__main__.ThornArmorSkill object at 0x000001FFB6EA2A50> 无法处理消息或不响应此消息
2025-05-22 23:54:44,025 - Evframe - INFO - [广播] <__main__.HealSkill object at 0x000001FFB6EA2B10> 无法处理消息或不响应此消息
2025-05-22 23:54:44,025 - Evframe - INFO - 消息[DAMAGE|MessagePhase.PRE]的modifiers有:None
2025-05-22 23:54:44,025 - Evframe - INFO - 正在加工消息[DAMAGE|MessagePhase.PRE]
2025-05-22 23:54:44,025 - Evframe - INFO - 处理 DAMAGE 类型 MessagePhase.PRE阶段 消息
2025-05-22 23:54:44,025 - Evframe - INFO - >全量< 广播消息[DAMAGE|MessagePhase.MAIN]
2025-05-22 23:54:44,025 - Evframe - INFO - [广播] <__main__.ThornArmorSkill object at 0x000001FFB6EA2720> 无法处理消息或不响应此消息
2025-05-22 23:54:44,025 - Evframe - INFO - [广播] <__main__.HealSkill object at 0x000001FFB6EA2990> 无法处理消息或不响应此消息
2025-05-22 23:54:44,025 - Evframe - INFO - [广播] <__main__.ThornArmorSkill object at 0x000001FFB6EA2A50> 无法处理消息或不响应此消息
2025-05-22 23:54:44,026 - Evframe - INFO - [广播] <__main__.HealSkill object at 0x000001FFB6EA2B10> 无法处理消息或不响应此消息
2025-05-22 23:54:44,026 - Evframe - INFO - 消息[DAMAGE|MessagePhase.MAIN]的modifiers有:None
2025-05-22 23:54:44,026 - Evframe - INFO - 正在加工消息[DAMAGE|MessagePhase.MAIN]
2025-05-22 23:54:44,026 - Evframe - INFO - 处理 DAMAGE 类型 MessagePhase.MAIN阶段 消息
2025-05-22 23:54:44,026 - Evframe - INFO - >全量< 广播消息[DAMAGE|MessagePhase.POST]
2025-05-22 23:54:44,026 - Evframe - INFO - [广播] <__main__.ThornArmorSkill object at 0x000001FFB6EA2720> 无法处理消息或不响应此消息
2025-05-22 23:54:44,026 - Evframe - INFO - 接收到HEAL消息
2025-05-22 23:54:44,026 - Evframe - INFO - [广播] <__main__.HealSkill object at 0x000001FFB6EA2990> 已处理消息
2025-05-22 23:54:44,026 - Evframe - INFO - [广播] <__main__.ThornArmorSkill object at 0x000001FFB6EA2A50> 无法处理消息或不响应此消息
2025-05-22 23:54:44,026 - Evframe - INFO - [广播] <__main__.HealSkill object at 0x000001FFB6EA2B10> 无法处理消息或不响应此消息
2025-05-22 23:54:44,026 - Evframe - INFO - 消息[DAMAGE|MessagePhase.POST]的modifiers有:None
2025-05-22 23:54:44,026 - Evframe - INFO - 正在加工消息[DAMAGE|MessagePhase.POST]
2025-05-22 23:54:44,026 - Evframe - INFO - 处理 DAMAGE 类型 MessagePhase.POST阶段 消息
2025-05-22 23:54:44,026 - Evframe - INFO - >全量< 广播消息[HEAL|MessagePhase.PRE]
2025-05-22 23:54:44,026 - Evframe - INFO - [广播] <__main__.ThornArmorSkill object at 0x000001FFB6EA2720> 无法处理消息或不响应此消息
2025-05-22 23:54:44,026 - Evframe - INFO - [广播] <__main__.HealSkill object at 0x000001FFB6EA2990> 无法处理消息或不响应此消息
2025-05-22 23:54:44,026 - Evframe - INFO - [广播] <__main__.ThornArmorSkill object at 0x000001FFB6EA2A50> 无法处理消息或不响应此消息
2025-05-22 23:54:44,026 - Evframe - INFO - [广播] <__main__.HealSkill object at 0x000001FFB6EA2B10> 无法处理消息或不响应此消息
2025-05-22 23:54:44,026 - Evframe - INFO - 消息[HEAL|MessagePhase.PRE]的modifiers有:None
2025-05-22 23:54:44,026 - Evframe - INFO - 正在加工消息[HEAL|MessagePhase.PRE]
2025-05-22 23:54:44,026 - Evframe - INFO - 处理 HEAL 类型 MessagePhase.PRE阶段 消息
2025-05-22 23:54:44,026 - Evframe - INFO - >全量< 广播消息[HEAL|MessagePhase.MAIN]
2025-05-22 23:54:44,026 - Evframe - INFO - [广播] <__main__.ThornArmorSkill object at 0x000001FFB6EA2720> 无法处理消息或不响应此消息
2025-05-22 23:54:44,026 - Evframe - INFO - [广播] <__main__.HealSkill object at 0x000001FFB6EA2990> 无法处理消息或不响应此消息
2025-05-22 23:54:44,026 - Evframe - INFO - [广播] <__main__.ThornArmorSkill object at 0x000001FFB6EA2A50> 无法处理消息或不响应此消息
2025-05-22 23:54:44,026 - Evframe - INFO - [广播] <__main__.HealSkill object at 0x000001FFB6EA2B10> 无法处理消息或不响应此消息
2025-05-22 23:54:44,026 - Evframe - INFO - 消息[HEAL|MessagePhase.MAIN]的modifiers有:None
2025-05-22 23:54:44,026 - Evframe - INFO - 正在加工消息[HEAL|MessagePhase.MAIN]
2025-05-22 23:54:44,026 - Evframe - INFO - 处理 HEAL 类型 MessagePhase.MAIN阶段 消息
2025-05-22 23:54:44,027 - Evframe - INFO - >全量< 广播消息[HEAL|MessagePhase.POST]
2025-05-22 23:54:44,027 - Evframe - INFO - [广播] <__main__.ThornArmorSkill object at 0x000001FFB6EA2720> 无法处理消息或不响应此消息
2025-05-22 23:54:44,027 - Evframe - INFO - [广播] <__main__.HealSkill object at 0x000001FFB6EA2990> 无法处理消息或不响应此消息
2025-05-22 23:54:44,027 - Evframe - INFO - [广播] <__main__.ThornArmorSkill object at 0x000001FFB6EA2A50> 无法处理消息或不响应此消息
2025-05-22 23:54:44,027 - Evframe - INFO - [广播] <__main__.HealSkill object at 0x000001FFB6EA2B10> 无法处理消息或不响应此消息
2025-05-22 23:54:44,027 - Evframe - INFO - 消息[HEAL|MessagePhase.POST]的modifiers有:None
2025-05-22 23:54:44,027 - Evframe - INFO - 正在加工消息[HEAL|MessagePhase.POST]
2025-05-22 23:54:44,027 - Evframe - INFO - 处理 HEAL 类型 MessagePhase.POST阶段 消息
2025-05-22 23:54:44,027 - Evframe - INFO - >全量< 广播消息[DAMAGE|MessagePhase.PRE]
2025-05-22 23:54:44,027 - Evframe - INFO - [广播] <__main__.ThornArmorSkill object at 0x000001FFB6EA2720> 无法处理消息或不响应此消息
2025-05-22 23:54:44,027 - Evframe - INFO - [广播] <__main__.HealSkill object at 0x000001FFB6EA2990> 无法处理消息或不响应此消息
2025-05-22 23:54:44,027 - Evframe - INFO - [广播] <__main__.ThornArmorSkill object at 0x000001FFB6EA2A50> 无法处理消息或不响应此消息
2025-05-22 23:54:44,027 - Evframe - INFO - [广播] <__main__.HealSkill object at 0x000001FFB6EA2B10> 无法处理消息或不响应此消息
2025-05-22 23:54:44,027 - Evframe - INFO - 消息[DAMAGE|MessagePhase.PRE]的modifiers有:None
2025-05-22 23:54:44,027 - Evframe - INFO - 正在加工消息[DAMAGE|MessagePhase.PRE]
2025-05-22 23:54:44,027 - Evframe - INFO - 处理 DAMAGE 类型 MessagePhase.PRE阶段 消息
2025-05-22 23:54:44,027 - Evframe - INFO - >全量< 广播消息[DAMAGE|MessagePhase.MAIN]
2025-05-22 23:54:44,027 - Evframe - INFO - [广播] <__main__.ThornArmorSkill object at 0x000001FFB6EA2720> 无法处理消息或不响应此消息
2025-05-22 23:54:44,027 - Evframe - INFO - [广播] <__main__.HealSkill object at 0x000001FFB6EA2990> 无法处理消息或不响应此消息
2025-05-22 23:54:44,027 - Evframe - INFO - [广播] <__main__.ThornArmorSkill object at 0x000001FFB6EA2A50> 无法处理消息或不响应此消息
2025-05-22 23:54:44,027 - Evframe - INFO - [广播] <__main__.HealSkill object at 0x000001FFB6EA2B10> 无法处理消息或不响应此消息
2025-05-22 23:54:44,027 - Evframe - INFO - 消息[DAMAGE|MessagePhase.MAIN]的modifiers有:None
2025-05-22 23:54:44,027 - Evframe - INFO - 正在加工消息[DAMAGE|MessagePhase.MAIN]
2025-05-22 23:54:44,027 - Evframe - INFO - 处理 DAMAGE 类型 MessagePhase.MAIN阶段 消息
2025-05-22 23:54:44,027 - Evframe - INFO - >全量< 广播消息[DAMAGE|MessagePhase.POST]
2025-05-22 23:54:44,027 - Evframe - INFO - [广播] <__main__.ThornArmorSkill object at 0x000001FFB6EA2720> 无法处理消息或不响应此消息
2025-05-22 23:54:44,027 - Evframe - INFO - [广播] <__main__.HealSkill object at 0x000001FFB6EA2990> 无法处理消息或不响应此消息
2025-05-22 23:54:44,027 - Evframe - INFO - [广播] <__main__.ThornArmorSkill object at 0x000001FFB6EA2A50> 无法处理消息或不响应此消息
2025-05-22 23:54:44,027 - Evframe - INFO - 接收到HEAL消息
2025-05-22 23:54:44,028 - Evframe - INFO - [广播] <__main__.HealSkill object at 0x000001FFB6EA2B10> 已处理消息
2025-05-22 23:54:44,028 - Evframe - INFO - 消息[DAMAGE|MessagePhase.POST]的modifiers有:None
2025-05-22 23:54:44,028 - Evframe - INFO - 正在加工消息[DAMAGE|MessagePhase.POST]
2025-05-22 23:54:44,028 - Evframe - INFO - 处理 DAMAGE 类型 MessagePhase.POST阶段 消息
2025-05-22 23:54:44,028 - Evframe - INFO - >全量< 广播消息[HEAL|MessagePhase.PRE]
2025-05-22 23:54:44,028 - Evframe - INFO - [广播] <__main__.ThornArmorSkill object at 0x000001FFB6EA2720> 无法处理消息或不响应此消息
2025-05-22 23:54:44,028 - Evframe - INFO - [广播] <__main__.HealSkill object at 0x000001FFB6EA2990> 无法处理消息或不响应此消息
2025-05-22 23:54:44,028 - Evframe - INFO - [广播] <__main__.ThornArmorSkill object at 0x000001FFB6EA2A50> 无法处理消息或不响应此消息
2025-05-22 23:54:44,028 - Evframe - INFO - [广播] <__main__.HealSkill object at 0x000001FFB6EA2B10> 无法处理消息或不响应此消息
2025-05-22 23:54:44,028 - Evframe - INFO - 消息[HEAL|MessagePhase.PRE]的modifiers有:None
2025-05-22 23:54:44,028 - Evframe - INFO - 正在加工消息[HEAL|MessagePhase.PRE]
2025-05-22 23:54:44,028 - Evframe - INFO - 处理 HEAL 类型 MessagePhase.PRE阶段 消息
2025-05-22 23:54:44,028 - Evframe - INFO - >全量< 广播消息[HEAL|MessagePhase.MAIN]
2025-05-22 23:54:44,028 - Evframe - INFO - [广播] <__main__.ThornArmorSkill object at 0x000001FFB6EA2720> 无法处理消息或不响应此消息
2025-05-22 23:54:44,028 - Evframe - INFO - [广播] <__main__.HealSkill object at 0x000001FFB6EA2990> 无法处理消息或不响应此消息
2025-05-22 23:54:44,028 - Evframe - INFO - [广播] <__main__.ThornArmorSkill object at 0x000001FFB6EA2A50> 无法处理消息或不响应此消息
2025-05-22 23:54:44,028 - Evframe - INFO - [广播] <__main__.HealSkill object at 0x000001FFB6EA2B10> 无法处理消息或不响应此消息
2025-05-22 23:54:44,028 - Evframe - INFO - 消息[HEAL|MessagePhase.MAIN]的modifiers有:None
2025-05-22 23:54:44,028 - Evframe - INFO - 正在加工消息[HEAL|MessagePhase.MAIN]
2025-05-22 23:54:44,028 - Evframe - INFO - 处理 HEAL 类型 MessagePhase.MAIN阶段 消息
2025-05-22 23:54:44,028 - Evframe - INFO - >全量< 广播消息[HEAL|MessagePhase.POST]
2025-05-22 23:54:44,028 - Evframe - INFO - [广播] <__main__.ThornArmorSkill object at 0x000001FFB6EA2720> 无法处理消息或不响应此消息
2025-05-22 23:54:44,028 - Evframe - INFO - [广播] <__main__.HealSkill object at 0x000001FFB6EA2990> 无法处理消息或不响应此消息
2025-05-22 23:54:44,028 - Evframe - INFO - [广播] <__main__.ThornArmorSkill object at 0x000001FFB6EA2A50> 无法处理消息或不响应此消息
2025-05-22 23:54:44,028 - Evframe - INFO - [广播] <__main__.HealSkill object at 0x000001FFB6EA2B10> 无法处理消息或不响应此消息
2025-05-22 23:54:44,028 - Evframe - INFO - 消息[HEAL|MessagePhase.POST]的modifiers有:None
2025-05-22 23:54:44,028 - Evframe - INFO - 正在加工消息[HEAL|MessagePhase.POST]
2025-05-22 23:54:44,028 - Evframe - INFO - 处理 HEAL 类型 MessagePhase.POST阶段 消息
2025-05-22 23:54:44,028 - Evframe - INFO - 消息链已经清空
2025-05-22 23:54:44,030 - Evframe - INFO - 清空所有监听器
2025-05-22 23:54:44,030 - Evframe - INFO - 消息链已经清空
2025-05-22 23:54:44,030 - Evframe - INFO - 重置消息管理器
